<?xml version="1.0" encoding="UTF-8"?>
<!-- Generated by org.testng.reporters.JUnitReportReporter -->
<testsuite hostname="DESKTOP-0L9DERS" failures="2" tests="2" name="testRunnercrossBrowser1.TestRunnercrossBrowser1" time="35.190" errors="0" timestamp="2025-04-07T00:13:44 EDT" skipped="0">
  <testcase classname="testRunnercrossBrowser1.TestRunnercrossBrowser1" name="runScenario" time="19.468">
    <failure message=" ❌ Exception while validating messages: Expected condition failed: waiting for visibility of Proxy element for: DefaultElementLocator &#039;By.xpath: (//li[normalize-space()=&#039;Current customer is already registered&#039;])[1]&#039; (tried for 10 second(s) with 500 milliseconds interval)" type="java.lang.AssertionError">
      <![CDATA[java.lang.AssertionError:  ❌ Exception while validating messages: Expected condition failed: waiting for visibility of Proxy element for: DefaultElementLocator 'By.xpath: (//li[normalize-space()='Current customer is already registered'])[1]' (tried for 10 second(s) with 500 milliseconds interval)
at org.testng.Assert.fail(Assert.java:111)
at pageActioncrossBrowser1.Register2pageActioncrossBrowser1.validateSuccessfullRegistration(Register2pageActioncrossBrowser1.java:95)
at stepDefinationcrossBrowser1.Register2crossBrowser1.user_should_be_successfully_registered2(Register2crossBrowser1.java:50)
at ✽.User should be successfully registered2(file:///C:/workspaces/projects/com.crossBrowser1/src/test/resource/featureFoldercrossBrowser1/Register2crossBrowser1.feature:11)
]]>
    </failure>
  </testcase> <!-- runScenario -->
  <testcase classname="testRunnercrossBrowser1.TestRunnercrossBrowser1" name="runScenario" time="15.722">
    <failure message=" ❌ Exception while validating messages: Expected condition failed: waiting for visibility of Proxy element for: DefaultElementLocator &#039;By.xpath: //div[@class=&#039;register-result-subtitle&#039;]&#039; (tried for 10 second(s) with 500 milliseconds interval)" type="java.lang.AssertionError">
      <![CDATA[java.lang.AssertionError:  ❌ Exception while validating messages: Expected condition failed: waiting for visibility of Proxy element for: DefaultElementLocator 'By.xpath: //div[@class='register-result-subtitle']' (tried for 10 second(s) with 500 milliseconds interval)
at org.testng.Assert.fail(Assert.java:111)
at pageActioncrossBrowser1.Register2pageActioncrossBrowser1.validateSuccessfullRegistration(Register2pageActioncrossBrowser1.java:95)
at stepDefinationcrossBrowser1.Register2crossBrowser1.user_should_be_successfully_registered2(Register2crossBrowser1.java:50)
at ✽.User should be successfully registered2(file:///C:/workspaces/projects/com.crossBrowser1/src/test/resource/featureFoldercrossBrowser1/Register2crossBrowser1.feature:11)
]]>
    </failure>
  </testcase> <!-- runScenario -->
</testsuite> <!-- testRunnercrossBrowser1.TestRunnercrossBrowser1 -->
